[2017-03-29T14:36:38,455][INFO ][o.e.n.Node               ] [] initializing ...
[2017-03-29T14:36:38,849][INFO ][o.e.e.NodeEnvironment    ] [WUVwuT_] using [1] data paths, mounts [[/ (/dev/sda1)]], net usable_space [307.7gb], net total_space [450.5gb], spins? [possibly], types [ext4]
[2017-03-29T14:36:38,849][INFO ][o.e.e.NodeEnvironment    ] [WUVwuT_] heap size [1.9gb], compressed ordinary object pointers [true]
[2017-03-29T14:36:39,310][INFO ][o.e.n.Node               ] node name [WUVwuT_] derived from node ID [WUVwuT_fRK6qrdPyxHShMg]; set [node.name] to override
[2017-03-29T14:36:39,334][INFO ][o.e.n.Node               ] version[5.2.2], pid[30110], build[f9d9b74/2017-02-24T17:26:45.835Z], OS[Linux/4.4.0-70-generic/amd64], JVM[Oracle Corporation/Java HotSpot(TM) 64-Bit Server VM/1.8.0_121/25.121-b13]
[2017-03-29T14:36:43,070][INFO ][o.e.p.PluginsService     ] [WUVwuT_] loaded module [aggs-matrix-stats]
[2017-03-29T14:36:43,070][INFO ][o.e.p.PluginsService     ] [WUVwuT_] loaded module [ingest-common]
[2017-03-29T14:36:43,070][INFO ][o.e.p.PluginsService     ] [WUVwuT_] loaded module [lang-expression]
[2017-03-29T14:36:43,070][INFO ][o.e.p.PluginsService     ] [WUVwuT_] loaded module [lang-groovy]
[2017-03-29T14:36:43,070][INFO ][o.e.p.PluginsService     ] [WUVwuT_] loaded module [lang-mustache]
[2017-03-29T14:36:43,070][INFO ][o.e.p.PluginsService     ] [WUVwuT_] loaded module [lang-painless]
[2017-03-29T14:36:43,070][INFO ][o.e.p.PluginsService     ] [WUVwuT_] loaded module [percolator]
[2017-03-29T14:36:43,070][INFO ][o.e.p.PluginsService     ] [WUVwuT_] loaded module [reindex]
[2017-03-29T14:36:43,071][INFO ][o.e.p.PluginsService     ] [WUVwuT_] loaded module [transport-netty3]
[2017-03-29T14:36:43,071][INFO ][o.e.p.PluginsService     ] [WUVwuT_] loaded module [transport-netty4]
[2017-03-29T14:36:43,071][INFO ][o.e.p.PluginsService     ] [WUVwuT_] no plugins loaded
[2017-03-29T14:36:48,030][INFO ][o.e.n.Node               ] initialized
[2017-03-29T14:36:48,030][INFO ][o.e.n.Node               ] [WUVwuT_] starting ...
[2017-03-29T14:36:48,350][INFO ][o.e.t.TransportService   ] [WUVwuT_] publish_address {127.0.0.1:9300}, bound_addresses {127.0.0.1:9300}
[2017-03-29T14:36:48,355][WARN ][o.e.b.BootstrapChecks    ] [WUVwuT_] max virtual memory areas vm.max_map_count [65530] is too low, increase to at least [262144]
[2017-03-29T14:36:51,424][INFO ][o.e.c.s.ClusterService   ] [WUVwuT_] new_master {WUVwuT_}{WUVwuT_fRK6qrdPyxHShMg}{RnAxCxvfQuuOKXKSwY3mZw}{127.0.0.1}{127.0.0.1:9300}, reason: zen-disco-elected-as-master ([0] nodes joined)
[2017-03-29T14:36:51,522][INFO ][o.e.h.HttpServer         ] [WUVwuT_] publish_address {127.0.0.1:9200}, bound_addresses {127.0.0.1:9200}
[2017-03-29T14:36:51,523][INFO ][o.e.n.Node               ] [WUVwuT_] started
[2017-03-29T14:36:52,749][INFO ][o.e.g.GatewayService     ] [WUVwuT_] recovered [3] indices into cluster_state
[2017-03-29T14:36:57,327][INFO ][o.e.c.r.a.AllocationService] [WUVwuT_] Cluster health status changed from [RED] to [YELLOW] (reason: [shards started [[scrapy-2017-03][4], [scrapy-2017-03][1], [scrapy-2017-03][0]] ...]).
[2017-03-29T14:38:38,670][INFO ][o.e.c.m.MetaDataCreateIndexService] [WUVwuT_] [price_comp-2017-03] creating index, cause [auto(bulk api)], templates [], shards [5]/[1], mappings []
[2017-03-29T14:38:39,948][INFO ][o.e.c.m.MetaDataMappingService] [WUVwuT_] [price_comp-2017-03/UqDGeMXNTESzid5VCyKZGw] create_mapping [item]
[2017-03-29T15:15:22,481][INFO ][o.e.n.Node               ] [WUVwuT_] stopping ...
[2017-03-29T15:15:23,595][INFO ][o.e.n.Node               ] [WUVwuT_] stopped
[2017-03-29T15:15:23,596][INFO ][o.e.n.Node               ] [WUVwuT_] closing ...
[2017-03-29T15:15:23,629][INFO ][o.e.n.Node               ] [WUVwuT_] closed
[2017-03-29T15:15:35,706][INFO ][o.e.n.Node               ] [] initializing ...
[2017-03-29T15:15:36,038][INFO ][o.e.e.NodeEnvironment    ] [WUVwuT_] using [1] data paths, mounts [[/ (/dev/sda1)]], net usable_space [307.7gb], net total_space [450.5gb], spins? [possibly], types [ext4]
[2017-03-29T15:15:36,038][INFO ][o.e.e.NodeEnvironment    ] [WUVwuT_] heap size [1.9gb], compressed ordinary object pointers [true]
[2017-03-29T15:15:36,552][INFO ][o.e.n.Node               ] node name [WUVwuT_] derived from node ID [WUVwuT_fRK6qrdPyxHShMg]; set [node.name] to override
[2017-03-29T15:15:36,574][INFO ][o.e.n.Node               ] version[5.2.2], pid[565], build[f9d9b74/2017-02-24T17:26:45.835Z], OS[Linux/4.4.0-70-generic/amd64], JVM[Oracle Corporation/Java HotSpot(TM) 64-Bit Server VM/1.8.0_121/25.121-b13]
[2017-03-29T15:15:38,176][INFO ][o.e.p.PluginsService     ] [WUVwuT_] loaded module [aggs-matrix-stats]
[2017-03-29T15:15:38,177][INFO ][o.e.p.PluginsService     ] [WUVwuT_] loaded module [ingest-common]
[2017-03-29T15:15:38,177][INFO ][o.e.p.PluginsService     ] [WUVwuT_] loaded module [lang-expression]
[2017-03-29T15:15:38,177][INFO ][o.e.p.PluginsService     ] [WUVwuT_] loaded module [lang-groovy]
[2017-03-29T15:15:38,177][INFO ][o.e.p.PluginsService     ] [WUVwuT_] loaded module [lang-mustache]
[2017-03-29T15:15:38,177][INFO ][o.e.p.PluginsService     ] [WUVwuT_] loaded module [lang-painless]
[2017-03-29T15:15:38,177][INFO ][o.e.p.PluginsService     ] [WUVwuT_] loaded module [percolator]
[2017-03-29T15:15:38,178][INFO ][o.e.p.PluginsService     ] [WUVwuT_] loaded module [reindex]
[2017-03-29T15:15:38,178][INFO ][o.e.p.PluginsService     ] [WUVwuT_] loaded module [transport-netty3]
[2017-03-29T15:15:38,178][INFO ][o.e.p.PluginsService     ] [WUVwuT_] loaded module [transport-netty4]
[2017-03-29T15:15:38,193][INFO ][o.e.p.PluginsService     ] [WUVwuT_] no plugins loaded
[2017-03-29T15:15:43,195][INFO ][o.e.n.Node               ] initialized
[2017-03-29T15:15:43,196][INFO ][o.e.n.Node               ] [WUVwuT_] starting ...
[2017-03-29T15:15:43,877][INFO ][o.e.t.TransportService   ] [WUVwuT_] publish_address {127.0.0.1:9300}, bound_addresses {127.0.0.1:9300}
[2017-03-29T15:15:43,887][WARN ][o.e.b.BootstrapChecks    ] [WUVwuT_] max virtual memory areas vm.max_map_count [65530] is too low, increase to at least [262144]
[2017-03-29T15:15:47,590][INFO ][o.e.c.s.ClusterService   ] [WUVwuT_] new_master {WUVwuT_}{WUVwuT_fRK6qrdPyxHShMg}{sW_PS4awReaWAr1PZ1g7ng}{127.0.0.1}{127.0.0.1:9300}, reason: zen-disco-elected-as-master ([0] nodes joined)
[2017-03-29T15:15:47,653][INFO ][o.e.h.HttpServer         ] [WUVwuT_] publish_address {127.0.0.1:9200}, bound_addresses {127.0.0.1:9200}
[2017-03-29T15:15:47,654][INFO ][o.e.n.Node               ] [WUVwuT_] started
[2017-03-29T15:15:49,307][INFO ][o.e.g.GatewayService     ] [WUVwuT_] recovered [4] indices into cluster_state
[2017-03-29T15:15:56,048][INFO ][o.e.c.r.a.AllocationService] [WUVwuT_] Cluster health status changed from [RED] to [YELLOW] (reason: [shards started [[scrapy-2017-03][2], [scrapy-2017-03][3], [scrapy-2017-03][0]] ...]).
[2017-03-29T16:28:06,041][INFO ][o.e.n.Node               ] [WUVwuT_] stopping ...
[2017-03-29T16:28:09,304][WARN ][o.e.m.j.JvmGcMonitorService] [WUVwuT_] [gc][young][4335][5] duration [6.9s], collections [1]/[7.9s], total [6.9s]/[7.1s], memory [431.3mb]->[166.6mb]/[1.9gb], all_pools {[young] [266.2mb]->[3.3mb]/[266.2mb]}{[survivor] [24.8mb]->[2.3mb]/[33.2mb]}{[old] [140.2mb]->[161mb]/[1.6gb]}
[2017-03-29T16:28:09,304][WARN ][o.e.m.j.JvmGcMonitorService] [WUVwuT_] [gc][4335] overhead, spent [6.9s] collecting in the last [7.9s]
[2017-03-29T16:28:11,378][INFO ][o.e.n.Node               ] [WUVwuT_] stopped
[2017-03-29T16:28:11,379][INFO ][o.e.n.Node               ] [WUVwuT_] closing ...
[2017-03-29T16:28:11,393][INFO ][o.e.n.Node               ] [WUVwuT_] closed
