[2017-03-30T12:50:43,568][INFO ][o.e.n.Node               ] [] initializing ...
[2017-03-30T12:50:43,895][INFO ][o.e.e.NodeEnvironment    ] [WUVwuT_] using [1] data paths, mounts [[/ (/dev/sda1)]], net usable_space [307.7gb], net total_space [450.5gb], spins? [possibly], types [ext4]
[2017-03-30T12:50:43,895][INFO ][o.e.e.NodeEnvironment    ] [WUVwuT_] heap size [1.9gb], compressed ordinary object pointers [true]
[2017-03-30T12:50:44,406][INFO ][o.e.n.Node               ] node name [WUVwuT_] derived from node ID [WUVwuT_fRK6qrdPyxHShMg]; set [node.name] to override
[2017-03-30T12:50:44,431][INFO ][o.e.n.Node               ] version[5.2.2], pid[5110], build[f9d9b74/2017-02-24T17:26:45.835Z], OS[Linux/4.4.0-70-generic/amd64], JVM[Oracle Corporation/Java HotSpot(TM) 64-Bit Server VM/1.8.0_121/25.121-b13]
[2017-03-30T12:50:45,799][INFO ][o.e.p.PluginsService     ] [WUVwuT_] loaded module [aggs-matrix-stats]
[2017-03-30T12:50:45,800][INFO ][o.e.p.PluginsService     ] [WUVwuT_] loaded module [ingest-common]
[2017-03-30T12:50:45,800][INFO ][o.e.p.PluginsService     ] [WUVwuT_] loaded module [lang-expression]
[2017-03-30T12:50:45,800][INFO ][o.e.p.PluginsService     ] [WUVwuT_] loaded module [lang-groovy]
[2017-03-30T12:50:45,800][INFO ][o.e.p.PluginsService     ] [WUVwuT_] loaded module [lang-mustache]
[2017-03-30T12:50:45,800][INFO ][o.e.p.PluginsService     ] [WUVwuT_] loaded module [lang-painless]
[2017-03-30T12:50:45,800][INFO ][o.e.p.PluginsService     ] [WUVwuT_] loaded module [percolator]
[2017-03-30T12:50:45,801][INFO ][o.e.p.PluginsService     ] [WUVwuT_] loaded module [reindex]
[2017-03-30T12:50:45,801][INFO ][o.e.p.PluginsService     ] [WUVwuT_] loaded module [transport-netty3]
[2017-03-30T12:50:45,801][INFO ][o.e.p.PluginsService     ] [WUVwuT_] loaded module [transport-netty4]
[2017-03-30T12:50:45,802][INFO ][o.e.p.PluginsService     ] [WUVwuT_] no plugins loaded
[2017-03-30T12:50:48,967][INFO ][o.e.n.Node               ] initialized
[2017-03-30T12:50:48,968][INFO ][o.e.n.Node               ] [WUVwuT_] starting ...
[2017-03-30T12:50:49,449][INFO ][o.e.t.TransportService   ] [WUVwuT_] publish_address {127.0.0.1:9300}, bound_addresses {127.0.0.1:9300}
[2017-03-30T12:50:49,454][WARN ][o.e.b.BootstrapChecks    ] [WUVwuT_] max virtual memory areas vm.max_map_count [65530] is too low, increase to at least [262144]
[2017-03-30T12:50:52,532][INFO ][o.e.c.s.ClusterService   ] [WUVwuT_] new_master {WUVwuT_}{WUVwuT_fRK6qrdPyxHShMg}{ebnpfyPKSNiaQ47-Xezlww}{127.0.0.1}{127.0.0.1:9300}, reason: zen-disco-elected-as-master ([0] nodes joined)
[2017-03-30T12:50:52,712][INFO ][o.e.h.HttpServer         ] [WUVwuT_] publish_address {127.0.0.1:9200}, bound_addresses {127.0.0.1:9200}
[2017-03-30T12:50:52,713][INFO ][o.e.n.Node               ] [WUVwuT_] started
[2017-03-30T12:50:54,429][INFO ][o.e.g.GatewayService     ] [WUVwuT_] recovered [4] indices into cluster_state
[2017-03-30T12:51:00,850][INFO ][o.e.c.r.a.AllocationService] [WUVwuT_] Cluster health status changed from [RED] to [YELLOW] (reason: [shards started [[scrapy-2017-03][3]] ...]).
[2017-03-30T13:23:24,844][INFO ][o.e.c.m.MetaDataCreateIndexService] [WUVwuT_] [api_index-2017-03] creating index, cause [auto(bulk api)], templates [], shards [5]/[1], mappings []
[2017-03-30T13:23:26,126][INFO ][o.e.c.m.MetaDataMappingService] [WUVwuT_] [api_index-2017-03/w4KNS6ojQHK4SFhoaIbtSw] create_mapping [product]
[2017-03-30T16:00:44,242][WARN ][r.suppressed             ] path: /api_index-2017-03/_search, params: {index=api_index-2017-03}
com.fasterxml.jackson.core.JsonParseException: Unrecognized token 'False': was expecting ('true', 'false' or 'null')
 at [Source: org.elasticsearch.transport.netty4.ByteBufStreamInput@16f55ec1; line: 7, column: 34]
	at com.fasterxml.jackson.core.JsonParser._constructError(JsonParser.java:1702) ~[jackson-core-2.8.6.jar:2.8.6]
	at com.fasterxml.jackson.core.base.ParserMinimalBase._reportError(ParserMinimalBase.java:558) ~[jackson-core-2.8.6.jar:2.8.6]
	at com.fasterxml.jackson.core.json.UTF8StreamJsonParser._reportInvalidToken(UTF8StreamJsonParser.java:3528) ~[jackson-core-2.8.6.jar:2.8.6]
	at com.fasterxml.jackson.core.json.UTF8StreamJsonParser._handleUnexpectedValue(UTF8StreamJsonParser.java:2686) ~[jackson-core-2.8.6.jar:2.8.6]
	at com.fasterxml.jackson.core.json.UTF8StreamJsonParser.nextToken(UTF8StreamJsonParser.java:832) ~[jackson-core-2.8.6.jar:2.8.6]
	at org.elasticsearch.common.xcontent.json.JsonXContentParser.nextToken(JsonXContentParser.java:55) ~[elasticsearch-5.2.2.jar:5.2.2]
	at org.elasticsearch.index.query.MultiMatchQueryBuilder.fromXContent(MultiMatchQueryBuilder.java:583) ~[elasticsearch-5.2.2.jar:5.2.2]
	at org.elasticsearch.search.SearchModule.lambda$registerQuery$8(SearchModule.java:789) ~[elasticsearch-5.2.2.jar:5.2.2]
	at org.elasticsearch.common.xcontent.NamedXContentRegistry.parseNamedObject(NamedXContentRegistry.java:162) ~[elasticsearch-5.2.2.jar:5.2.2]
	at org.elasticsearch.common.xcontent.support.AbstractXContentParser.namedObject(AbstractXContentParser.java:369) ~[elasticsearch-5.2.2.jar:5.2.2]
	at org.elasticsearch.index.query.QueryParseContext.parseInnerQueryBuilder(QueryParseContext.java:116) ~[elasticsearch-5.2.2.jar:5.2.2]
	at org.elasticsearch.search.builder.SearchSourceBuilder.parseXContent(SearchSourceBuilder.java:969) ~[elasticsearch-5.2.2.jar:5.2.2]
	at org.elasticsearch.rest.action.search.RestSearchAction.parseSearchRequest(RestSearchAction.java:99) ~[elasticsearch-5.2.2.jar:5.2.2]
	at org.elasticsearch.rest.action.search.RestSearchAction.lambda$prepareRequest$0(RestSearchAction.java:79) ~[elasticsearch-5.2.2.jar:5.2.2]
	at org.elasticsearch.rest.RestRequest.withContentOrSourceParamParserOrNull(RestRequest.java:296) ~[elasticsearch-5.2.2.jar:5.2.2]
	at org.elasticsearch.rest.action.search.RestSearchAction.prepareRequest(RestSearchAction.java:78) ~[elasticsearch-5.2.2.jar:5.2.2]
	at org.elasticsearch.rest.BaseRestHandler.handleRequest(BaseRestHandler.java:66) ~[elasticsearch-5.2.2.jar:5.2.2]
	at org.elasticsearch.rest.RestController.dispatchRequest(RestController.java:162) ~[elasticsearch-5.2.2.jar:5.2.2]
	at org.elasticsearch.http.HttpServer.dispatchRequest(HttpServer.java:115) [elasticsearch-5.2.2.jar:5.2.2]
	at org.elasticsearch.http.netty4.Netty4HttpServerTransport.dispatchRequest(Netty4HttpServerTransport.java:515) [transport-netty4-5.2.2.jar:5.2.2]
	at org.elasticsearch.http.netty4.Netty4HttpRequestHandler.channelRead0(Netty4HttpRequestHandler.java:70) [transport-netty4-5.2.2.jar:5.2.2]
	at io.netty.channel.SimpleChannelInboundHandler.channelRead(SimpleChannelInboundHandler.java:105) [netty-transport-4.1.7.Final.jar:4.1.7.Final]
	at io.netty.channel.AbstractChannelHandlerContext.invokeChannelRead(AbstractChannelHandlerContext.java:363) [netty-transport-4.1.7.Final.jar:4.1.7.Final]
	at io.netty.channel.AbstractChannelHandlerContext.invokeChannelRead(AbstractChannelHandlerContext.java:349) [netty-transport-4.1.7.Final.jar:4.1.7.Final]
	at io.netty.channel.AbstractChannelHandlerContext.fireChannelRead(AbstractChannelHandlerContext.java:341) [netty-transport-4.1.7.Final.jar:4.1.7.Final]
	at org.elasticsearch.http.netty4.pipelining.HttpPipeliningHandler.channelRead(HttpPipeliningHandler.java:65) [transport-netty4-5.2.2.jar:5.2.2]
	at io.netty.channel.AbstractChannelHandlerContext.invokeChannelRead(AbstractChannelHandlerContext.java:363) [netty-transport-4.1.7.Final.jar:4.1.7.Final]
	at io.netty.channel.AbstractChannelHandlerContext.invokeChannelRead(AbstractChannelHandlerContext.java:349) [netty-transport-4.1.7.Final.jar:4.1.7.Final]
	at io.netty.channel.AbstractChannelHandlerContext.fireChannelRead(AbstractChannelHandlerContext.java:341) [netty-transport-4.1.7.Final.jar:4.1.7.Final]
	at org.elasticsearch.http.netty4.cors.Netty4CorsHandler.channelRead(Netty4CorsHandler.java:76) [transport-netty4-5.2.2.jar:5.2.2]
	at io.netty.channel.AbstractChannelHandlerContext.invokeChannelRead(AbstractChannelHandlerContext.java:363) [netty-transport-4.1.7.Final.jar:4.1.7.Final]
	at io.netty.channel.AbstractChannelHandlerContext.invokeChannelRead(AbstractChannelHandlerContext.java:349) [netty-transport-4.1.7.Final.jar:4.1.7.Final]
	at io.netty.channel.AbstractChannelHandlerContext.fireChannelRead(AbstractChannelHandlerContext.java:341) [netty-transport-4.1.7.Final.jar:4.1.7.Final]
	at io.netty.handler.codec.MessageToMessageDecoder.channelRead(MessageToMessageDecoder.java:102) [netty-codec-4.1.7.Final.jar:4.1.7.Final]
	at io.netty.handler.codec.MessageToMessageCodec.channelRead(MessageToMessageCodec.java:111) [netty-codec-4.1.7.Final.jar:4.1.7.Final]
	at io.netty.channel.AbstractChannelHandlerContext.invokeChannelRead(AbstractChannelHandlerContext.java:363) [netty-transport-4.1.7.Final.jar:4.1.7.Final]
	at io.netty.channel.AbstractChannelHandlerContext.invokeChannelRead(AbstractChannelHandlerContext.java:349) [netty-transport-4.1.7.Final.jar:4.1.7.Final]
	at io.netty.channel.AbstractChannelHandlerContext.fireChannelRead(AbstractChannelHandlerContext.java:341) [netty-transport-4.1.7.Final.jar:4.1.7.Final]
	at io.netty.handler.codec.MessageToMessageDecoder.channelRead(MessageToMessageDecoder.java:102) [netty-codec-4.1.7.Final.jar:4.1.7.Final]
	at io.netty.channel.AbstractChannelHandlerContext.invokeChannelRead(AbstractChannelHandlerContext.java:363) [netty-transport-4.1.7.Final.jar:4.1.7.Final]
	at io.netty.channel.AbstractChannelHandlerContext.invokeChannelRead(AbstractChannelHandlerContext.java:349) [netty-transport-4.1.7.Final.jar:4.1.7.Final]
	at io.netty.channel.AbstractChannelHandlerContext.fireChannelRead(AbstractChannelHandlerContext.java:341) [netty-transport-4.1.7.Final.jar:4.1.7.Final]
	at io.netty.handler.codec.MessageToMessageDecoder.channelRead(MessageToMessageDecoder.java:102) [netty-codec-4.1.7.Final.jar:4.1.7.Final]
	at io.netty.channel.AbstractChannelHandlerContext.invokeChannelRead(AbstractChannelHandlerContext.java:363) [netty-transport-4.1.7.Final.jar:4.1.7.Final]
	at io.netty.channel.AbstractChannelHandlerContext.invokeChannelRead(AbstractChannelHandlerContext.java:349) [netty-transport-4.1.7.Final.jar:4.1.7.Final]
	at io.netty.channel.AbstractChannelHandlerContext.fireChannelRead(AbstractChannelHandlerContext.java:341) [netty-transport-4.1.7.Final.jar:4.1.7.Final]
	at io.netty.handler.codec.ByteToMessageDecoder.fireChannelRead(ByteToMessageDecoder.java:293) [netty-codec-4.1.7.Final.jar:4.1.7.Final]
	at io.netty.handler.codec.ByteToMessageDecoder.channelRead(ByteToMessageDecoder.java:267) [netty-codec-4.1.7.Final.jar:4.1.7.Final]
	at io.netty.channel.AbstractChannelHandlerContext.invokeChannelRead(AbstractChannelHandlerContext.java:363) [netty-transport-4.1.7.Final.jar:4.1.7.Final]
	at io.netty.channel.AbstractChannelHandlerContext.invokeChannelRead(AbstractChannelHandlerContext.java:349) [netty-transport-4.1.7.Final.jar:4.1.7.Final]
	at io.netty.channel.AbstractChannelHandlerContext.fireChannelRead(AbstractChannelHandlerContext.java:341) [netty-transport-4.1.7.Final.jar:4.1.7.Final]
	at io.netty.channel.ChannelInboundHandlerAdapter.channelRead(ChannelInboundHandlerAdapter.java:86) [netty-transport-4.1.7.Final.jar:4.1.7.Final]
	at io.netty.channel.AbstractChannelHandlerContext.invokeChannelRead(AbstractChannelHandlerContext.java:363) [netty-transport-4.1.7.Final.jar:4.1.7.Final]
	at io.netty.channel.AbstractChannelHandlerContext.invokeChannelRead(AbstractChannelHandlerContext.java:349) [netty-transport-4.1.7.Final.jar:4.1.7.Final]
	at io.netty.channel.AbstractChannelHandlerContext.fireChannelRead(AbstractChannelHandlerContext.java:341) [netty-transport-4.1.7.Final.jar:4.1.7.Final]
	at io.netty.channel.DefaultChannelPipeline$HeadContext.channelRead(DefaultChannelPipeline.java:1334) [netty-transport-4.1.7.Final.jar:4.1.7.Final]
	at io.netty.channel.AbstractChannelHandlerContext.invokeChannelRead(AbstractChannelHandlerContext.java:363) [netty-transport-4.1.7.Final.jar:4.1.7.Final]
	at io.netty.channel.AbstractChannelHandlerContext.invokeChannelRead(AbstractChannelHandlerContext.java:349) [netty-transport-4.1.7.Final.jar:4.1.7.Final]
	at io.netty.channel.DefaultChannelPipeline.fireChannelRead(DefaultChannelPipeline.java:926) [netty-transport-4.1.7.Final.jar:4.1.7.Final]
	at io.netty.channel.nio.AbstractNioByteChannel$NioByteUnsafe.read(AbstractNioByteChannel.java:129) [netty-transport-4.1.7.Final.jar:4.1.7.Final]
	at io.netty.channel.nio.NioEventLoop.processSelectedKey(NioEventLoop.java:642) [netty-transport-4.1.7.Final.jar:4.1.7.Final]
	at io.netty.channel.nio.NioEventLoop.processSelectedKeysPlain(NioEventLoop.java:527) [netty-transport-4.1.7.Final.jar:4.1.7.Final]
	at io.netty.channel.nio.NioEventLoop.processSelectedKeys(NioEventLoop.java:481) [netty-transport-4.1.7.Final.jar:4.1.7.Final]
	at io.netty.channel.nio.NioEventLoop.run(NioEventLoop.java:441) [netty-transport-4.1.7.Final.jar:4.1.7.Final]
	at io.netty.util.concurrent.SingleThreadEventExecutor$5.run(SingleThreadEventExecutor.java:858) [netty-common-4.1.7.Final.jar:4.1.7.Final]
	at java.lang.Thread.run(Thread.java:745) [?:1.8.0_121]
[2017-03-30T18:22:31,188][WARN ][o.e.m.j.JvmGcMonitorService] [WUVwuT_] [gc][young][19896][8] duration [1.8s], collections [1]/[2.9s], total [1.8s]/[2s], memory [435.3mb]->[171.4mb]/[1.9gb], all_pools {[young] [266.2mb]->[849.3kb]/[266.2mb]}{[survivor] [20.7mb]->[2.2mb]/[33.2mb]}{[old] [148.2mb]->[168.4mb]/[1.6gb]}
[2017-03-30T18:22:31,204][WARN ][o.e.m.j.JvmGcMonitorService] [WUVwuT_] [gc][19896] overhead, spent [1.8s] collecting in the last [2.9s]
[2017-03-30T19:55:45,538][INFO ][o.e.n.Node               ] [WUVwuT_] stopping ...
[2017-03-30T19:55:47,252][INFO ][o.e.n.Node               ] [WUVwuT_] stopped
[2017-03-30T19:55:47,253][INFO ][o.e.n.Node               ] [WUVwuT_] closing ...
[2017-03-30T19:55:47,325][INFO ][o.e.n.Node               ] [WUVwuT_] closed
